<?xml version="1.0" encoding="UTF-8"?>
<!-- Generated by org.testng.reporters.JUnitReportReporter -->
<testsuite skipped="0" hostname="SQLBILAB" name="test.LoginTest" tests="1" failures="0" timestamp="2020-09-13T02:45:33 CDT" time="8.261" errors="0">
  <testcase name="validUserShouldBeAbleToLogin" time="8.261" classname="test.LoginTest"/>
  <system-out/>
</testsuite> <!-- test.LoginTest -->
